<?xml version="1.0" encoding="UTF-8"?>
<!-- Generated by org.testng.reporters.JUnitReportReporter -->
<testsuite hostname="BDC6-LX-554XD63" failures="0" tests="1" name="com.consol.citrus.samples.SampleXmlIT" time="0.384" errors="0" timestamp="19 Oct 2021 13:40:49 GMT">
  <testcase classname="com.consol.citrus.samples.SampleXmlIT" name="sampleXml" time="0.384"/>
</testsuite> <!-- com.consol.citrus.samples.SampleXmlIT -->
