<?xml version="1.0" encoding="UTF-8"?>
<!-- Generated by org.testng.reporters.JUnitReportReporter -->
<testsuite hostname="BDC6-LX-554XD63" failures="0" tests="2" name="com.consol.citrus.samples.SampleJavaIT" time="0.115" errors="0" timestamp="19 Oct 2021 13:40:49 GMT">
  <testcase classname="com.consol.citrus.samples.SampleJavaIT" name="sayHello" time="0.007"/>
  <testcase classname="com.consol.citrus.samples.SampleJavaIT" name="echoToday" time="0.108"/>
</testsuite> <!-- com.consol.citrus.samples.SampleJavaIT -->
