<?xml version="1.0" encoding="UTF-8"?>
<testsuite xmlns:xsi="http://www.w3.org/2001/XMLSchema-instance" xsi:noNamespaceSchemaLocation="https://maven.apache.org/surefire/maven-failsafe-plugin/xsd/failsafe-test-report.xsd" name="TestSuite" time="3.175" tests="3" errors="0" skipped="0" failures="0">
  <properties>
    <property name="sun.desktop" value="windows"/>
    <property name="awt.toolkit" value="sun.awt.windows.WToolkit"/>
    <property name="java.specification.version" value="11"/>
    <property name="sun.cpu.isalist" value="amd64"/>
    <property name="sun.jnu.encoding" value="Cp1252"/>
    <property name="java.class.path" value="C:\Users\manasa.gakkala\eclipse-workspace\citrus-sample\target\test-classes;C:\Users\manasa.gakkala\eclipse-workspace\citrus-sample\target\citrus-sample-1.0-SNAPSHOT.jar;C:\Users\manasa.gakkala\.m2\repository\com\consol\citrus\citrus-core\3.1.0\citrus-core-3.1.0.jar;C:\Users\manasa.gakkala\.m2\repository\com\consol\citrus\citrus-spring\3.1.0\citrus-spring-3.1.0.jar;C:\Users\manasa.gakkala\.m2\repository\xerces\xercesImpl\2.12.1\xercesImpl-2.12.1.jar;C:\Users\manasa.gakkala\.m2\repository\xml-apis\xml-apis\1.4.01\xml-apis-1.4.01.jar;C:\Users\manasa.gakkala\.m2\repository\com\consol\citrus\citrus-validation-xml\3.1.0\citrus-validation-xml-3.1.0.jar;C:\Users\manasa.gakkala\.m2\repository\org\glassfish\jaxb\jaxb-core\2.3.0.1\jaxb-core-2.3.0.1.jar;C:\Users\manasa.gakkala\.m2\repository\org\glassfish\jaxb\txw2\2.3.0.1\txw2-2.3.0.1.jar;C:\Users\manasa.gakkala\.m2\repository\com\sun\istack\istack-commons-runtime\3.0.5\istack-commons-runtime-3.0.5.jar;C:\Users\manasa.gakkala\.m2\repository\org\glassfish\jaxb\jaxb-runtime\2.3.4\jaxb-runtime-2.3.4.jar;C:\Users\manasa.gakkala\.m2\repository\xalan\xalan\2.7.2\xalan-2.7.2.jar;C:\Users\manasa.gakkala\.m2\repository\xalan\serializer\2.7.2\serializer-2.7.2.jar;C:\Users\manasa.gakkala\.m2\repository\wsdl4j\wsdl4j\1.6.3\wsdl4j-1.6.3.jar;C:\Users\manasa.gakkala\.m2\repository\net\sf\jtidy\jtidy\r938\jtidy-r938.jar;C:\Users\manasa.gakkala\.m2\repository\com\consol\citrus\citrus-validation-json\3.1.0\citrus-validation-json-3.1.0.jar;C:\Users\manasa.gakkala\.m2\repository\com\fasterxml\jackson\core\jackson-core\2.12.3\jackson-core-2.12.3.jar;C:\Users\manasa.gakkala\.m2\repository\com\fasterxml\jackson\core\jackson-databind\2.12.3\jackson-databind-2.12.3.jar;C:\Users\manasa.gakkala\.m2\repository\com\fasterxml\jackson\core\jackson-annotations\2.12.3\jackson-annotations-2.12.3.jar;C:\Users\manasa.gakkala\.m2\repository\net\minidev\json-smart\2.4.7\json-smart-2.4.7.jar;C:\Users\manasa.gakkala\.m2\repository\net\minidev\accessors-smart\2.4.7\accessors-smart-2.4.7.jar;C:\Users\manasa.gakkala\.m2\repository\org\ow2\asm\asm\9.1\asm-9.1.jar;C:\Users\manasa.gakkala\.m2\repository\com\jayway\jsonpath\json-path\2.5.0\json-path-2.5.0.jar;C:\Users\manasa.gakkala\.m2\repository\com\github\java-json-tools\json-schema-validator\2.2.14\json-schema-validator-2.2.14.jar;C:\Users\manasa.gakkala\.m2\repository\com\github\java-json-tools\jackson-coreutils-equivalence\1.0\jackson-coreutils-equivalence-1.0.jar;C:\Users\manasa.gakkala\.m2\repository\com\github\java-json-tools\jackson-coreutils\2.0\jackson-coreutils-2.0.jar;C:\Users\manasa.gakkala\.m2\repository\com\github\java-json-tools\msg-simple\1.2\msg-simple-1.2.jar;C:\Users\manasa.gakkala\.m2\repository\com\github\java-json-tools\btf\1.3\btf-1.3.jar;C:\Users\manasa.gakkala\.m2\repository\com\github\java-json-tools\json-schema-core\1.2.14\json-schema-core-1.2.14.jar;C:\Users\manasa.gakkala\.m2\repository\com\github\java-json-tools\uri-template\0.10\uri-template-0.10.jar;C:\Users\manasa.gakkala\.m2\repository\org\mozilla\rhino\1.7.7.2\rhino-1.7.7.2.jar;C:\Users\manasa.gakkala\.m2\repository\com\sun\mail\mailapi\1.6.2\mailapi-1.6.2.jar;C:\Users\manasa.gakkala\.m2\repository\joda-time\joda-time\2.10.5\joda-time-2.10.5.jar;C:\Users\manasa.gakkala\.m2\repository\com\googlecode\libphonenumber\libphonenumber\8.11.1\libphonenumber-8.11.1.jar;C:\Users\manasa.gakkala\.m2\repository\com\google\code\findbugs\jsr305\3.0.2\jsr305-3.0.2.jar;C:\Users\manasa.gakkala\.m2\repository\net\sf\jopt-simple\jopt-simple\5.0.4\jopt-simple-5.0.4.jar;C:\Users\manasa.gakkala\.m2\repository\com\google\guava\guava\30.1.1-jre\guava-30.1.1-jre.jar;C:\Users\manasa.gakkala\.m2\repository\com\google\guava\failureaccess\1.0.1\failureaccess-1.0.1.jar;C:\Users\manasa.gakkala\.m2\repository\com\google\guava\listenablefuture\9999.0-empty-to-avoid-conflict-with-guava\listenablefuture-9999.0-empty-to-avoid-conflict-with-guava.jar;C:\Users\manasa.gakkala\.m2\repository\org\checkerframework\checker-qual\3.8.0\checker-qual-3.8.0.jar;C:\Users\manasa.gakkala\.m2\repository\com\google\errorprone\error_prone_annotations\2.5.1\error_prone_annotations-2.5.1.jar;C:\Users\manasa.gakkala\.m2\repository\com\google\j2objc\j2objc-annotations\1.3\j2objc-annotations-1.3.jar;C:\Users\manasa.gakkala\.m2\repository\com\consol\citrus\citrus-validation-text\3.1.0\citrus-validation-text-3.1.0.jar;C:\Users\manasa.gakkala\.m2\repository\com\consol\citrus\citrus-validation-binary\3.1.0\citrus-validation-binary-3.1.0.jar;C:\Users\manasa.gakkala\.m2\repository\com\consol\citrus\citrus-validation-groovy\3.1.0\citrus-validation-groovy-3.1.0.jar;C:\Users\manasa.gakkala\.m2\repository\org\codehaus\groovy\groovy\3.0.8\groovy-3.0.8.jar;C:\Users\manasa.gakkala\.m2\repository\org\codehaus\groovy\groovy-jsr223\3.0.8\groovy-jsr223-3.0.8.jar;C:\Users\manasa.gakkala\.m2\repository\org\codehaus\groovy\groovy-json\3.0.8\groovy-json-3.0.8.jar;C:\Users\manasa.gakkala\.m2\repository\org\codehaus\groovy\groovy-xml\3.0.8\groovy-xml-3.0.8.jar;C:\Users\manasa.gakkala\.m2\repository\com\consol\citrus\citrus-validation-hamcrest\3.1.0\citrus-validation-hamcrest-3.1.0.jar;C:\Users\manasa.gakkala\.m2\repository\org\hamcrest\hamcrest\2.2\hamcrest-2.2.jar;C:\Users\manasa.gakkala\.m2\repository\org\hamcrest\hamcrest-library\2.2\hamcrest-library-2.2.jar;C:\Users\manasa.gakkala\.m2\repository\org\hamcrest\hamcrest-core\2.2\hamcrest-core-2.2.jar;C:\Users\manasa.gakkala\.m2\repository\com\consol\citrus\citrus-junit\3.1.0\citrus-junit-3.1.0.jar;C:\Users\manasa.gakkala\.m2\repository\com\consol\citrus\citrus-junit5\3.1.0\citrus-junit5-3.1.0.jar;C:\Users\manasa.gakkala\.m2\repository\com\consol\citrus\citrus-main\3.1.0\citrus-main-3.1.0.jar;C:\Users\manasa.gakkala\.m2\repository\com\consol\citrus\citrus-cucumber\3.1.0\citrus-cucumber-3.1.0.jar;C:\Users\manasa.gakkala\.m2\repository\io\cucumber\cucumber-java\6.10.3\cucumber-java-6.10.3.jar;C:\Users\manasa.gakkala\.m2\repository\io\cucumber\cucumber-core\6.10.3\cucumber-core-6.10.3.jar;C:\Users\manasa.gakkala\.m2\repository\io\cucumber\cucumber-gherkin\6.10.3\cucumber-gherkin-6.10.3.jar;C:\Users\manasa.gakkala\.m2\repository\io\cucumber\cucumber-gherkin-messages\6.10.3\cucumber-gherkin-messages-6.10.3.jar;C:\Users\manasa.gakkala\.m2\repository\io\cucumber\messages\15.0.0\messages-15.0.0.jar;C:\Users\manasa.gakkala\.m2\repository\io\cucumber\tag-expressions\3.0.1\tag-expressions-3.0.1.jar;C:\Users\manasa.gakkala\.m2\repository\io\cucumber\cucumber-expressions\10.3.0\cucumber-expressions-10.3.0.jar;C:\Users\manasa.gakkala\.m2\repository\io\cucumber\datatable\3.5.0\datatable-3.5.0.jar;C:\Users\manasa.gakkala\.m2\repository\io\cucumber\cucumber-plugin\6.10.3\cucumber-plugin-6.10.3.jar;C:\Users\manasa.gakkala\.m2\repository\io\cucumber\docstring\6.10.3\docstring-6.10.3.jar;C:\Users\manasa.gakkala\.m2\repository\io\cucumber\html-formatter\13.0.0\html-formatter-13.0.0.jar;C:\Users\manasa.gakkala\.m2\repository\io\cucumber\create-meta\4.0.0\create-meta-4.0.0.jar;C:\Users\manasa.gakkala\.m2\repository\org\apiguardian\apiguardian-api\1.1.1\apiguardian-api-1.1.1.jar;C:\Users\manasa.gakkala\.m2\repository\com\consol\citrus\citrus-groovy\3.1.0\citrus-groovy-3.1.0.jar;C:\Users\manasa.gakkala\.m2\repository\com\consol\citrus\citrus-spring-integration\3.1.0\citrus-spring-integration-3.1.0.jar;C:\Users\manasa.gakkala\.m2\repository\org\springframework\integration\spring-integration-core\5.4.6\spring-integration-core-5.4.6.jar;C:\Users\manasa.gakkala\.m2\repository\org\springframework\retry\spring-retry\1.3.1\spring-retry-1.3.1.jar;C:\Users\manasa.gakkala\.m2\repository\javax\annotation\javax.annotation-api\1.3.2\javax.annotation-api-1.3.2.jar;C:\Users\manasa.gakkala\.m2\repository\io\projectreactor\reactor-core\3.4.5\reactor-core-3.4.5.jar;C:\Users\manasa.gakkala\.m2\repository\org\reactivestreams\reactive-streams\1.0.3\reactive-streams-1.0.3.jar;C:\Users\manasa.gakkala\.m2\repository\com\consol\citrus\citrus-sql\3.1.0\citrus-sql-3.1.0.jar;C:\Users\manasa.gakkala\.m2\repository\org\springframework\spring-jdbc\5.3.6\spring-jdbc-5.3.6.jar;C:\Users\manasa.gakkala\.m2\repository\org\springframework\spring-test\5.3.6\spring-test-5.3.6.jar;C:\Users\manasa.gakkala\.m2\repository\com\consol\citrus\citrus-jms\3.1.0\citrus-jms-3.1.0.jar;C:\Users\manasa.gakkala\.m2\repository\com\consol\citrus\citrus-base\3.1.0\citrus-base-3.1.0.jar;C:\Users\manasa.gakkala\.m2\repository\com\consol\citrus\citrus-api\3.1.0\citrus-api-3.1.0.jar;C:\Users\manasa.gakkala\.m2\repository\commons-lang\commons-lang\2.6\commons-lang-2.6.jar;C:\Users\manasa.gakkala\.m2\repository\org\springframework\spring-jms\5.3.6\spring-jms-5.3.6.jar;C:\Users\manasa.gakkala\.m2\repository\org\springframework\spring-messaging\5.3.6\spring-messaging-5.3.6.jar;C:\Users\manasa.gakkala\.m2\repository\org\springframework\spring-tx\5.3.6\spring-tx-5.3.6.jar;C:\Users\manasa.gakkala\.m2\repository\jakarta\jms\jakarta.jms-api\2.0.3\jakarta.jms-api-2.0.3.jar;C:\Users\manasa.gakkala\.m2\repository\jakarta\xml\bind\jakarta.xml.bind-api\2.3.3\jakarta.xml.bind-api-2.3.3.jar;C:\Users\manasa.gakkala\.m2\repository\jakarta\activation\jakarta.activation-api\1.2.2\jakarta.activation-api-1.2.2.jar;C:\Users\manasa.gakkala\.m2\repository\com\sun\xml\messaging\saaj\saaj-impl\1.5.3\saaj-impl-1.5.3.jar;C:\Users\manasa.gakkala\.m2\repository\jakarta\xml\soap\jakarta.xml.soap-api\1.4.2\jakarta.xml.soap-api-1.4.2.jar;C:\Users\manasa.gakkala\.m2\repository\org\jvnet\staxex\stax-ex\1.8.3\stax-ex-1.8.3.jar;C:\Users\manasa.gakkala\.m2\repository\org\springframework\ws\spring-ws-core\3.0.10.RELEASE\spring-ws-core-3.0.10.RELEASE.jar;C:\Users\manasa.gakkala\.m2\repository\org\springframework\spring-webmvc\5.3.6\spring-webmvc-5.3.6.jar;C:\Users\manasa.gakkala\.m2\repository\org\springframework\spring-expression\5.3.6\spring-expression-5.3.6.jar;C:\Users\manasa.gakkala\.m2\repository\com\consol\citrus\citrus-ws\3.1.0\citrus-ws-3.1.0.jar;C:\Users\manasa.gakkala\.m2\repository\com\sun\activation\jakarta.activation\1.2.2\jakarta.activation-1.2.2.jar;C:\Users\manasa.gakkala\.m2\repository\org\eclipse\jetty\jetty-server\9.4.43.v20210629\jetty-server-9.4.43.v20210629.jar;C:\Users\manasa.gakkala\.m2\repository\org\eclipse\jetty\jetty-http\9.4.43.v20210629\jetty-http-9.4.43.v20210629.jar;C:\Users\manasa.gakkala\.m2\repository\org\eclipse\jetty\jetty-util\9.4.43.v20210629\jetty-util-9.4.43.v20210629.jar;C:\Users\manasa.gakkala\.m2\repository\org\eclipse\jetty\jetty-io\9.4.43.v20210629\jetty-io-9.4.43.v20210629.jar;C:\Users\manasa.gakkala\.m2\repository\org\eclipse\jetty\jetty-servlet\9.4.43.v20210629\jetty-servlet-9.4.43.v20210629.jar;C:\Users\manasa.gakkala\.m2\repository\org\eclipse\jetty\jetty-security\9.4.43.v20210629\jetty-security-9.4.43.v20210629.jar;C:\Users\manasa.gakkala\.m2\repository\org\eclipse\jetty\jetty-util-ajax\9.4.43.v20210629\jetty-util-ajax-9.4.43.v20210629.jar;C:\Users\manasa.gakkala\.m2\repository\jakarta\servlet\jakarta.servlet-api\4.0.4\jakarta.servlet-api-4.0.4.jar;C:\Users\manasa.gakkala\.m2\repository\commons-codec\commons-codec\1.15\commons-codec-1.15.jar;C:\Users\manasa.gakkala\.m2\repository\commons-io\commons-io\2.8.0\commons-io-2.8.0.jar;C:\Users\manasa.gakkala\.m2\repository\org\springframework\spring-core\5.3.6\spring-core-5.3.6.jar;C:\Users\manasa.gakkala\.m2\repository\org\springframework\spring-jcl\5.3.6\spring-jcl-5.3.6.jar;C:\Users\manasa.gakkala\.m2\repository\org\springframework\spring-beans\5.3.6\spring-beans-5.3.6.jar;C:\Users\manasa.gakkala\.m2\repository\org\springframework\spring-aop\5.3.6\spring-aop-5.3.6.jar;C:\Users\manasa.gakkala\.m2\repository\org\springframework\ws\spring-xml\3.0.10.RELEASE\spring-xml-3.0.10.RELEASE.jar;C:\Users\manasa.gakkala\.m2\repository\org\springframework\spring-web\5.3.6\spring-web-5.3.6.jar;C:\Users\manasa.gakkala\.m2\repository\org\springframework\spring-context\5.3.6\spring-context-5.3.6.jar;C:\Users\manasa.gakkala\.m2\repository\com\consol\citrus\citrus-http\3.1.0\citrus-http-3.1.0.jar;C:\Users\manasa.gakkala\.m2\repository\org\springframework\integration\spring-integration-http\5.4.6\spring-integration-http-5.4.6.jar;C:\Users\manasa.gakkala\.m2\repository\org\springframework\spring-oxm\5.3.6\spring-oxm-5.3.6.jar;C:\Users\manasa.gakkala\.m2\repository\org\apache\httpcomponents\httpclient\4.5.13\httpclient-4.5.13.jar;C:\Users\manasa.gakkala\.m2\repository\org\apache\httpcomponents\httpcore\4.4.13\httpcore-4.4.13.jar;C:\Users\manasa.gakkala\.m2\repository\commons-logging\commons-logging\1.2\commons-logging-1.2.jar;C:\Users\manasa.gakkala\.m2\repository\com\consol\citrus\citrus-testng\3.1.0\citrus-testng-3.1.0.jar;C:\Users\manasa.gakkala\.m2\repository\org\slf4j\slf4j-api\1.7.25\slf4j-api-1.7.25.jar;C:\Users\manasa.gakkala\.m2\repository\org\slf4j\jcl-over-slf4j\1.7.25\jcl-over-slf4j-1.7.25.jar;C:\Users\manasa.gakkala\.m2\repository\org\slf4j\slf4j-log4j12\1.7.25\slf4j-log4j12-1.7.25.jar;C:\Users\manasa.gakkala\.m2\repository\log4j\log4j\1.2.17\log4j-1.2.17.jar;C:\Users\manasa.gakkala\.m2\repository\org\testng\testng\6.8\testng-6.8.jar;C:\Users\manasa.gakkala\.m2\repository\junit\junit\4.10\junit-4.10.jar;C:\Users\manasa.gakkala\.m2\repository\org\beanshell\bsh\2.0b4\bsh-2.0b4.jar;C:\Users\manasa.gakkala\.m2\repository\com\beust\jcommander\1.27\jcommander-1.27.jar;C:\Users\manasa.gakkala\.m2\repository\org\yaml\snakeyaml\1.6\snakeyaml-1.6.jar;C:\Users\manasa.gakkala\.m2\repository\org\apache\maven\surefire\surefire-testng-utils\2.22.0\surefire-testng-utils-2.22.0.jar;C:\Users\manasa.gakkala\.m2\repository\org\apache\maven\surefire\surefire-grouper\2.22.0\surefire-grouper-2.22.0.jar;"/>
    <property name="java.vm.vendor" value="Oracle Corporation"/>
    <property name="sun.arch.data.model" value="64"/>
    <property name="user.variant" value=""/>
    <property name="java.vendor.url" value="https://openjdk.java.net/"/>
    <property name="user.timezone" value="Asia/Calcutta"/>
    <property name="java.vm.specification.version" value="11"/>
    <property name="os.name" value="Windows 10"/>
    <property name="sun.java.launcher" value="SUN_STANDARD"/>
    <property name="user.country" value="US"/>
    <property name="sun.boot.library.path" value="C:\Program Files\Java\jdk-11.0.10\bin"/>
    <property name="sun.java.command" value="C:\Users\MANASA~1.GAK\AppData\Local\Temp\surefire10253159575205376551\surefirebooter16393777175913975921.jar C:\Users\manasa.gakkala\AppData\Local\Temp\surefire10253159575205376551 2021-10-19T19-10-44_924-jvmRun1 surefire2154444692680372266tmp surefire_03722567576061811561tmp"/>
    <property name="jdk.debug" value="release"/>
    <property name="surefire.test.class.path" value="C:\Users\manasa.gakkala\eclipse-workspace\citrus-sample\target\test-classes;C:\Users\manasa.gakkala\eclipse-workspace\citrus-sample\target\citrus-sample-1.0-SNAPSHOT.jar;C:\Users\manasa.gakkala\.m2\repository\com\consol\citrus\citrus-core\3.1.0\citrus-core-3.1.0.jar;C:\Users\manasa.gakkala\.m2\repository\com\consol\citrus\citrus-spring\3.1.0\citrus-spring-3.1.0.jar;C:\Users\manasa.gakkala\.m2\repository\xerces\xercesImpl\2.12.1\xercesImpl-2.12.1.jar;C:\Users\manasa.gakkala\.m2\repository\xml-apis\xml-apis\1.4.01\xml-apis-1.4.01.jar;C:\Users\manasa.gakkala\.m2\repository\com\consol\citrus\citrus-validation-xml\3.1.0\citrus-validation-xml-3.1.0.jar;C:\Users\manasa.gakkala\.m2\repository\org\glassfish\jaxb\jaxb-core\2.3.0.1\jaxb-core-2.3.0.1.jar;C:\Users\manasa.gakkala\.m2\repository\org\glassfish\jaxb\txw2\2.3.0.1\txw2-2.3.0.1.jar;C:\Users\manasa.gakkala\.m2\repository\com\sun\istack\istack-commons-runtime\3.0.5\istack-commons-runtime-3.0.5.jar;C:\Users\manasa.gakkala\.m2\repository\org\glassfish\jaxb\jaxb-runtime\2.3.4\jaxb-runtime-2.3.4.jar;C:\Users\manasa.gakkala\.m2\repository\xalan\xalan\2.7.2\xalan-2.7.2.jar;C:\Users\manasa.gakkala\.m2\repository\xalan\serializer\2.7.2\serializer-2.7.2.jar;C:\Users\manasa.gakkala\.m2\repository\wsdl4j\wsdl4j\1.6.3\wsdl4j-1.6.3.jar;C:\Users\manasa.gakkala\.m2\repository\net\sf\jtidy\jtidy\r938\jtidy-r938.jar;C:\Users\manasa.gakkala\.m2\repository\com\consol\citrus\citrus-validation-json\3.1.0\citrus-validation-json-3.1.0.jar;C:\Users\manasa.gakkala\.m2\repository\com\fasterxml\jackson\core\jackson-core\2.12.3\jackson-core-2.12.3.jar;C:\Users\manasa.gakkala\.m2\repository\com\fasterxml\jackson\core\jackson-databind\2.12.3\jackson-databind-2.12.3.jar;C:\Users\manasa.gakkala\.m2\repository\com\fasterxml\jackson\core\jackson-annotations\2.12.3\jackson-annotations-2.12.3.jar;C:\Users\manasa.gakkala\.m2\repository\net\minidev\json-smart\2.4.7\json-smart-2.4.7.jar;C:\Users\manasa.gakkala\.m2\repository\net\minidev\accessors-smart\2.4.7\accessors-smart-2.4.7.jar;C:\Users\manasa.gakkala\.m2\repository\org\ow2\asm\asm\9.1\asm-9.1.jar;C:\Users\manasa.gakkala\.m2\repository\com\jayway\jsonpath\json-path\2.5.0\json-path-2.5.0.jar;C:\Users\manasa.gakkala\.m2\repository\com\github\java-json-tools\json-schema-validator\2.2.14\json-schema-validator-2.2.14.jar;C:\Users\manasa.gakkala\.m2\repository\com\github\java-json-tools\jackson-coreutils-equivalence\1.0\jackson-coreutils-equivalence-1.0.jar;C:\Users\manasa.gakkala\.m2\repository\com\github\java-json-tools\jackson-coreutils\2.0\jackson-coreutils-2.0.jar;C:\Users\manasa.gakkala\.m2\repository\com\github\java-json-tools\msg-simple\1.2\msg-simple-1.2.jar;C:\Users\manasa.gakkala\.m2\repository\com\github\java-json-tools\btf\1.3\btf-1.3.jar;C:\Users\manasa.gakkala\.m2\repository\com\github\java-json-tools\json-schema-core\1.2.14\json-schema-core-1.2.14.jar;C:\Users\manasa.gakkala\.m2\repository\com\github\java-json-tools\uri-template\0.10\uri-template-0.10.jar;C:\Users\manasa.gakkala\.m2\repository\org\mozilla\rhino\1.7.7.2\rhino-1.7.7.2.jar;C:\Users\manasa.gakkala\.m2\repository\com\sun\mail\mailapi\1.6.2\mailapi-1.6.2.jar;C:\Users\manasa.gakkala\.m2\repository\joda-time\joda-time\2.10.5\joda-time-2.10.5.jar;C:\Users\manasa.gakkala\.m2\repository\com\googlecode\libphonenumber\libphonenumber\8.11.1\libphonenumber-8.11.1.jar;C:\Users\manasa.gakkala\.m2\repository\com\google\code\findbugs\jsr305\3.0.2\jsr305-3.0.2.jar;C:\Users\manasa.gakkala\.m2\repository\net\sf\jopt-simple\jopt-simple\5.0.4\jopt-simple-5.0.4.jar;C:\Users\manasa.gakkala\.m2\repository\com\google\guava\guava\30.1.1-jre\guava-30.1.1-jre.jar;C:\Users\manasa.gakkala\.m2\repository\com\google\guava\failureaccess\1.0.1\failureaccess-1.0.1.jar;C:\Users\manasa.gakkala\.m2\repository\com\google\guava\listenablefuture\9999.0-empty-to-avoid-conflict-with-guava\listenablefuture-9999.0-empty-to-avoid-conflict-with-guava.jar;C:\Users\manasa.gakkala\.m2\repository\org\checkerframework\checker-qual\3.8.0\checker-qual-3.8.0.jar;C:\Users\manasa.gakkala\.m2\repository\com\google\errorprone\error_prone_annotations\2.5.1\error_prone_annotations-2.5.1.jar;C:\Users\manasa.gakkala\.m2\repository\com\google\j2objc\j2objc-annotations\1.3\j2objc-annotations-1.3.jar;C:\Users\manasa.gakkala\.m2\repository\com\consol\citrus\citrus-validation-text\3.1.0\citrus-validation-text-3.1.0.jar;C:\Users\manasa.gakkala\.m2\repository\com\consol\citrus\citrus-validation-binary\3.1.0\citrus-validation-binary-3.1.0.jar;C:\Users\manasa.gakkala\.m2\repository\com\consol\citrus\citrus-validation-groovy\3.1.0\citrus-validation-groovy-3.1.0.jar;C:\Users\manasa.gakkala\.m2\repository\org\codehaus\groovy\groovy\3.0.8\groovy-3.0.8.jar;C:\Users\manasa.gakkala\.m2\repository\org\codehaus\groovy\groovy-jsr223\3.0.8\groovy-jsr223-3.0.8.jar;C:\Users\manasa.gakkala\.m2\repository\org\codehaus\groovy\groovy-json\3.0.8\groovy-json-3.0.8.jar;C:\Users\manasa.gakkala\.m2\repository\org\codehaus\groovy\groovy-xml\3.0.8\groovy-xml-3.0.8.jar;C:\Users\manasa.gakkala\.m2\repository\com\consol\citrus\citrus-validation-hamcrest\3.1.0\citrus-validation-hamcrest-3.1.0.jar;C:\Users\manasa.gakkala\.m2\repository\org\hamcrest\hamcrest\2.2\hamcrest-2.2.jar;C:\Users\manasa.gakkala\.m2\repository\org\hamcrest\hamcrest-library\2.2\hamcrest-library-2.2.jar;C:\Users\manasa.gakkala\.m2\repository\org\hamcrest\hamcrest-core\2.2\hamcrest-core-2.2.jar;C:\Users\manasa.gakkala\.m2\repository\com\consol\citrus\citrus-junit\3.1.0\citrus-junit-3.1.0.jar;C:\Users\manasa.gakkala\.m2\repository\com\consol\citrus\citrus-junit5\3.1.0\citrus-junit5-3.1.0.jar;C:\Users\manasa.gakkala\.m2\repository\com\consol\citrus\citrus-main\3.1.0\citrus-main-3.1.0.jar;C:\Users\manasa.gakkala\.m2\repository\com\consol\citrus\citrus-cucumber\3.1.0\citrus-cucumber-3.1.0.jar;C:\Users\manasa.gakkala\.m2\repository\io\cucumber\cucumber-java\6.10.3\cucumber-java-6.10.3.jar;C:\Users\manasa.gakkala\.m2\repository\io\cucumber\cucumber-core\6.10.3\cucumber-core-6.10.3.jar;C:\Users\manasa.gakkala\.m2\repository\io\cucumber\cucumber-gherkin\6.10.3\cucumber-gherkin-6.10.3.jar;C:\Users\manasa.gakkala\.m2\repository\io\cucumber\cucumber-gherkin-messages\6.10.3\cucumber-gherkin-messages-6.10.3.jar;C:\Users\manasa.gakkala\.m2\repository\io\cucumber\messages\15.0.0\messages-15.0.0.jar;C:\Users\manasa.gakkala\.m2\repository\io\cucumber\tag-expressions\3.0.1\tag-expressions-3.0.1.jar;C:\Users\manasa.gakkala\.m2\repository\io\cucumber\cucumber-expressions\10.3.0\cucumber-expressions-10.3.0.jar;C:\Users\manasa.gakkala\.m2\repository\io\cucumber\datatable\3.5.0\datatable-3.5.0.jar;C:\Users\manasa.gakkala\.m2\repository\io\cucumber\cucumber-plugin\6.10.3\cucumber-plugin-6.10.3.jar;C:\Users\manasa.gakkala\.m2\repository\io\cucumber\docstring\6.10.3\docstring-6.10.3.jar;C:\Users\manasa.gakkala\.m2\repository\io\cucumber\html-formatter\13.0.0\html-formatter-13.0.0.jar;C:\Users\manasa.gakkala\.m2\repository\io\cucumber\create-meta\4.0.0\create-meta-4.0.0.jar;C:\Users\manasa.gakkala\.m2\repository\org\apiguardian\apiguardian-api\1.1.1\apiguardian-api-1.1.1.jar;C:\Users\manasa.gakkala\.m2\repository\com\consol\citrus\citrus-groovy\3.1.0\citrus-groovy-3.1.0.jar;C:\Users\manasa.gakkala\.m2\repository\com\consol\citrus\citrus-spring-integration\3.1.0\citrus-spring-integration-3.1.0.jar;C:\Users\manasa.gakkala\.m2\repository\org\springframework\integration\spring-integration-core\5.4.6\spring-integration-core-5.4.6.jar;C:\Users\manasa.gakkala\.m2\repository\org\springframework\retry\spring-retry\1.3.1\spring-retry-1.3.1.jar;C:\Users\manasa.gakkala\.m2\repository\javax\annotation\javax.annotation-api\1.3.2\javax.annotation-api-1.3.2.jar;C:\Users\manasa.gakkala\.m2\repository\io\projectreactor\reactor-core\3.4.5\reactor-core-3.4.5.jar;C:\Users\manasa.gakkala\.m2\repository\org\reactivestreams\reactive-streams\1.0.3\reactive-streams-1.0.3.jar;C:\Users\manasa.gakkala\.m2\repository\com\consol\citrus\citrus-sql\3.1.0\citrus-sql-3.1.0.jar;C:\Users\manasa.gakkala\.m2\repository\org\springframework\spring-jdbc\5.3.6\spring-jdbc-5.3.6.jar;C:\Users\manasa.gakkala\.m2\repository\org\springframework\spring-test\5.3.6\spring-test-5.3.6.jar;C:\Users\manasa.gakkala\.m2\repository\com\consol\citrus\citrus-jms\3.1.0\citrus-jms-3.1.0.jar;C:\Users\manasa.gakkala\.m2\repository\com\consol\citrus\citrus-base\3.1.0\citrus-base-3.1.0.jar;C:\Users\manasa.gakkala\.m2\repository\com\consol\citrus\citrus-api\3.1.0\citrus-api-3.1.0.jar;C:\Users\manasa.gakkala\.m2\repository\commons-lang\commons-lang\2.6\commons-lang-2.6.jar;C:\Users\manasa.gakkala\.m2\repository\org\springframework\spring-jms\5.3.6\spring-jms-5.3.6.jar;C:\Users\manasa.gakkala\.m2\repository\org\springframework\spring-messaging\5.3.6\spring-messaging-5.3.6.jar;C:\Users\manasa.gakkala\.m2\repository\org\springframework\spring-tx\5.3.6\spring-tx-5.3.6.jar;C:\Users\manasa.gakkala\.m2\repository\jakarta\jms\jakarta.jms-api\2.0.3\jakarta.jms-api-2.0.3.jar;C:\Users\manasa.gakkala\.m2\repository\jakarta\xml\bind\jakarta.xml.bind-api\2.3.3\jakarta.xml.bind-api-2.3.3.jar;C:\Users\manasa.gakkala\.m2\repository\jakarta\activation\jakarta.activation-api\1.2.2\jakarta.activation-api-1.2.2.jar;C:\Users\manasa.gakkala\.m2\repository\com\sun\xml\messaging\saaj\saaj-impl\1.5.3\saaj-impl-1.5.3.jar;C:\Users\manasa.gakkala\.m2\repository\jakarta\xml\soap\jakarta.xml.soap-api\1.4.2\jakarta.xml.soap-api-1.4.2.jar;C:\Users\manasa.gakkala\.m2\repository\org\jvnet\staxex\stax-ex\1.8.3\stax-ex-1.8.3.jar;C:\Users\manasa.gakkala\.m2\repository\org\springframework\ws\spring-ws-core\3.0.10.RELEASE\spring-ws-core-3.0.10.RELEASE.jar;C:\Users\manasa.gakkala\.m2\repository\org\springframework\spring-webmvc\5.3.6\spring-webmvc-5.3.6.jar;C:\Users\manasa.gakkala\.m2\repository\org\springframework\spring-expression\5.3.6\spring-expression-5.3.6.jar;C:\Users\manasa.gakkala\.m2\repository\com\consol\citrus\citrus-ws\3.1.0\citrus-ws-3.1.0.jar;C:\Users\manasa.gakkala\.m2\repository\com\sun\activation\jakarta.activation\1.2.2\jakarta.activation-1.2.2.jar;C:\Users\manasa.gakkala\.m2\repository\org\eclipse\jetty\jetty-server\9.4.43.v20210629\jetty-server-9.4.43.v20210629.jar;C:\Users\manasa.gakkala\.m2\repository\org\eclipse\jetty\jetty-http\9.4.43.v20210629\jetty-http-9.4.43.v20210629.jar;C:\Users\manasa.gakkala\.m2\repository\org\eclipse\jetty\jetty-util\9.4.43.v20210629\jetty-util-9.4.43.v20210629.jar;C:\Users\manasa.gakkala\.m2\repository\org\eclipse\jetty\jetty-io\9.4.43.v20210629\jetty-io-9.4.43.v20210629.jar;C:\Users\manasa.gakkala\.m2\repository\org\eclipse\jetty\jetty-servlet\9.4.43.v20210629\jetty-servlet-9.4.43.v20210629.jar;C:\Users\manasa.gakkala\.m2\repository\org\eclipse\jetty\jetty-security\9.4.43.v20210629\jetty-security-9.4.43.v20210629.jar;C:\Users\manasa.gakkala\.m2\repository\org\eclipse\jetty\jetty-util-ajax\9.4.43.v20210629\jetty-util-ajax-9.4.43.v20210629.jar;C:\Users\manasa.gakkala\.m2\repository\jakarta\servlet\jakarta.servlet-api\4.0.4\jakarta.servlet-api-4.0.4.jar;C:\Users\manasa.gakkala\.m2\repository\commons-codec\commons-codec\1.15\commons-codec-1.15.jar;C:\Users\manasa.gakkala\.m2\repository\commons-io\commons-io\2.8.0\commons-io-2.8.0.jar;C:\Users\manasa.gakkala\.m2\repository\org\springframework\spring-core\5.3.6\spring-core-5.3.6.jar;C:\Users\manasa.gakkala\.m2\repository\org\springframework\spring-jcl\5.3.6\spring-jcl-5.3.6.jar;C:\Users\manasa.gakkala\.m2\repository\org\springframework\spring-beans\5.3.6\spring-beans-5.3.6.jar;C:\Users\manasa.gakkala\.m2\repository\org\springframework\spring-aop\5.3.6\spring-aop-5.3.6.jar;C:\Users\manasa.gakkala\.m2\repository\org\springframework\ws\spring-xml\3.0.10.RELEASE\spring-xml-3.0.10.RELEASE.jar;C:\Users\manasa.gakkala\.m2\repository\org\springframework\spring-web\5.3.6\spring-web-5.3.6.jar;C:\Users\manasa.gakkala\.m2\repository\org\springframework\spring-context\5.3.6\spring-context-5.3.6.jar;C:\Users\manasa.gakkala\.m2\repository\com\consol\citrus\citrus-http\3.1.0\citrus-http-3.1.0.jar;C:\Users\manasa.gakkala\.m2\repository\org\springframework\integration\spring-integration-http\5.4.6\spring-integration-http-5.4.6.jar;C:\Users\manasa.gakkala\.m2\repository\org\springframework\spring-oxm\5.3.6\spring-oxm-5.3.6.jar;C:\Users\manasa.gakkala\.m2\repository\org\apache\httpcomponents\httpclient\4.5.13\httpclient-4.5.13.jar;C:\Users\manasa.gakkala\.m2\repository\org\apache\httpcomponents\httpcore\4.4.13\httpcore-4.4.13.jar;C:\Users\manasa.gakkala\.m2\repository\commons-logging\commons-logging\1.2\commons-logging-1.2.jar;C:\Users\manasa.gakkala\.m2\repository\com\consol\citrus\citrus-testng\3.1.0\citrus-testng-3.1.0.jar;C:\Users\manasa.gakkala\.m2\repository\org\slf4j\slf4j-api\1.7.25\slf4j-api-1.7.25.jar;C:\Users\manasa.gakkala\.m2\repository\org\slf4j\jcl-over-slf4j\1.7.25\jcl-over-slf4j-1.7.25.jar;C:\Users\manasa.gakkala\.m2\repository\org\slf4j\slf4j-log4j12\1.7.25\slf4j-log4j12-1.7.25.jar;C:\Users\manasa.gakkala\.m2\repository\log4j\log4j\1.2.17\log4j-1.2.17.jar;C:\Users\manasa.gakkala\.m2\repository\org\testng\testng\6.8\testng-6.8.jar;C:\Users\manasa.gakkala\.m2\repository\junit\junit\4.10\junit-4.10.jar;C:\Users\manasa.gakkala\.m2\repository\org\beanshell\bsh\2.0b4\bsh-2.0b4.jar;C:\Users\manasa.gakkala\.m2\repository\com\beust\jcommander\1.27\jcommander-1.27.jar;C:\Users\manasa.gakkala\.m2\repository\org\yaml\snakeyaml\1.6\snakeyaml-1.6.jar;C:\Users\manasa.gakkala\.m2\repository\org\apache\maven\surefire\surefire-testng-utils\2.22.0\surefire-testng-utils-2.22.0.jar;C:\Users\manasa.gakkala\.m2\repository\org\apache\maven\surefire\surefire-grouper\2.22.0\surefire-grouper-2.22.0.jar;"/>
    <property name="sun.cpu.endian" value="little"/>
    <property name="user.home" value="C:\Users\manasa.gakkala"/>
    <property name="user.language" value="en"/>
    <property name="java.specification.vendor" value="Oracle Corporation"/>
    <property name="java.version.date" value="2021-01-19"/>
    <property name="java.home" value="C:\Program Files\Java\jdk-11.0.10"/>
    <property name="file.separator" value="\"/>
    <property name="basedir" value="C:\Users\manasa.gakkala\eclipse-workspace\citrus-sample"/>
    <property name="java.vm.compressedOopsMode" value="32-bit"/>
    <property name="line.separator" value="&#10;"/>
    <property name="java.specification.name" value="Java Platform API Specification"/>
    <property name="java.vm.specification.vendor" value="Oracle Corporation"/>
    <property name="java.awt.graphicsenv" value="sun.awt.Win32GraphicsEnvironment"/>
    <property name="surefire.real.class.path" value="C:\Users\MANASA~1.GAK\AppData\Local\Temp\surefire10253159575205376551\surefirebooter16393777175913975921.jar"/>
    <property name="user.script" value=""/>
    <property name="sun.management.compiler" value="HotSpot 64-Bit Tiered Compilers"/>
    <property name="java.runtime.version" value="11.0.10+8-LTS-162"/>
    <property name="user.name" value="manasa.gakkala"/>
    <property name="path.separator" value=";"/>
    <property name="os.version" value="10.0"/>
    <property name="java.runtime.name" value="Java(TM) SE Runtime Environment"/>
    <property name="file.encoding" value="Cp1252"/>
    <property name="java.vm.name" value="Java HotSpot(TM) 64-Bit Server VM"/>
    <property name="java.vendor.version" value="18.9"/>
    <property name="localRepository" value="C:\Users\manasa.gakkala\.m2\repository"/>
    <property name="java.vendor.url.bug" value="https://bugreport.java.com/bugreport/"/>
    <property name="java.io.tmpdir" value="C:\Users\MANASA~1.GAK\AppData\Local\Temp\"/>
    <property name="java.version" value="11.0.10"/>
    <property name="user.dir" value="C:\Users\manasa.gakkala\eclipse-workspace\citrus-sample"/>
    <property name="os.arch" value="amd64"/>
    <property name="java.vm.specification.name" value="Java Virtual Machine Specification"/>
    <property name="java.awt.printerjob" value="sun.awt.windows.WPrinterJob"/>
    <property name="sun.os.patch.level" value=""/>
    <property name="java.library.path" value="C:\Program Files\Java\jdk-11.0.10\bin;C:\windows\Sun\Java\bin;C:\windows\system32;C:\windows;C:\Program Files\Common Files\Oracle\Java\javapath;C:\windows\system32;C:\windows;C:\windows\System32\Wbem;C:\windows\System32\WindowsPowerShell\v1.0\;C:\windows\System32\OpenSSH\;C:\Program Files (x86)\Symantec\VIP Access Client\;C:\Program Files\Java\jdk-11.0.10\bin;C:\Program Files\MAVEN\apache-maven-3.8.1\bin;C:\Program Files\nodejs\;C:\Users\manasa.gakkala\AppData\Local\Microsoft\WindowsApps;C:\Program Files (x86)\PyCharm Community Edition 2020.3.3\bin;;C:\Users\manasa.gakkala\AppData\Local\Programs\Git\cmd;C:\Users\manasa.gakkala\AppData\Local\Programs\Microsoft VS Code\bin;C:\Program Files\Python37;C:\Users\manasa.gakkala\AppData\Roaming\Python\Python37\Scripts;C:\Program Files\Java\jdk-11.0.10\bin;C:\Program Files\MAVEN\apache-maven-3.8.1\bin;C:\Users\manasa.gakkala\AppData\Local\JetBrains\IntelliJ IDEA Community Edition 2021.1.2\bin;;C:\Users\manasa.gakkala\AppData\Roaming\npm;;."/>
    <property name="java.vendor" value="Oracle Corporation"/>
    <property name="java.vm.info" value="mixed mode"/>
    <property name="java.vm.version" value="11.0.10+8-LTS-162"/>
    <property name="sun.io.unicode.encoding" value="UnicodeLittle"/>
    <property name="java.class.version" value="55.0"/>
  </properties>
  <testcase name="echoToday" classname="com.consol.citrus.samples.SampleJavaIT" time="0.187"/>
  <testcase name="sayHello" classname="com.consol.citrus.samples.SampleJavaIT" time="0.075"/>
  <testcase name="sampleXml" classname="com.consol.citrus.samples.SampleXmlIT" time="0.402"/>
</testsuite>