<?xml version="1.0" encoding="UTF-8"?>
<!-- Generated by org.testng.reporters.JUnitReportReporter -->
<testsuite hostname="BDC6-LX-554XD63" failures="0" tests="1" name="com.tests.SampleTestJavaIT" time="0.051" errors="0" timestamp="19 Oct 2021 15:00:24 GMT">
  <testcase classname="com.tests.SampleTestJavaIT" name="SampleTest" time="0.051"/>
</testsuite> <!-- com.tests.SampleTestJavaIT -->
