<?xml version="1.0" encoding="UTF-8"?>
<!-- Generated by org.testng.reporters.JUnitReportReporter -->
<testsuite hostname="BDC6-LX-554XD63" failures="0" tests="2" name="com.consol.citrus.samples.SampleJavaIT" time="0.157" errors="0" timestamp="9 Nov 2021 12:48:29 GMT">
  <testcase classname="com.consol.citrus.samples.SampleJavaIT" name="sayHello" time="0.022"/>
  <testcase classname="com.consol.citrus.samples.SampleJavaIT" name="echoToday" time="0.135"/>
</testsuite> <!-- com.consol.citrus.samples.SampleJavaIT -->
