<?xml version="1.0" encoding="UTF-8"?>
<!-- Generated by org.testng.reporters.JUnitReportReporter -->
<testsuite hostname="BDC6-LX-554XD63" failures="0" tests="1" name="com.tests.SampleRestTestIT" time="2.125" errors="0" timestamp="27 Nov 2021 13:19:18 GMT">
  <testcase classname="com.tests.SampleRestTestIT" name="sampleRestTest" time="2.125"/>
</testsuite> <!-- com.tests.SampleRestTestIT -->
